build/app/intermediates/manifest_merge_blame_file/release/manifest-merger-blame-release-report.txt
1<?xml version="1.0" encoding="utf-8"?>
2<manifest xmlns:android="http://schemas.android.com/apk/res/android"
3    package="com.mycompany.koderunstudio"
4    android:versionCode="1"
5    android:versionName="1.0.0" >
6
7    <uses-sdk
8        android:minSdkVersion="21"
8-->src\main\AndroidManifest.xml
9        android:targetSdkVersion="33" />
9-->src\main\AndroidManifest.xml
10
11    <uses-permission android:name="android.permission.INTERNET" />
11-->src\main\AndroidManifest.xml:4:5-66
11-->src\main\AndroidManifest.xml:4:22-64
12
13    <application
13-->src\main\AndroidManifest.xml:7:5-61:19
14        android:appComponentFactory="androidx.core.app.CoreComponentFactory"
14-->[androidx.core:core:1.6.0] AndroidManifest.xml:24:18-86
15        android:icon="@mipmap/ic_launcher"
15-->src\main\AndroidManifest.xml:10:9-43
16        android:label="Koderun Studio"
16-->src\main\AndroidManifest.xml:8:9-39
17        android:requestLegacyExternalStorage="true" >
17-->src\main\AndroidManifest.xml:11:9-52
18        <activity
18-->src\main\AndroidManifest.xml:13:9-51:20
19            android:name="com.mycompany.koderunstudio.MainActivity"
19-->src\main\AndroidManifest.xml:14:13-41
20            android:configChanges="orientation|keyboardHidden|keyboard|screenSize|smallestScreenSize|locale|layoutDirection|fontScale|screenLayout|density|uiMode"
20-->src\main\AndroidManifest.xml:18:13-163
21            android:exported="true"
21-->src\main\AndroidManifest.xml:15:13-36
22            android:hardwareAccelerated="true"
22-->src\main\AndroidManifest.xml:19:13-47
23            android:launchMode="singleTop"
23-->src\main\AndroidManifest.xml:16:13-43
24            android:theme="@style/LaunchTheme"
24-->src\main\AndroidManifest.xml:17:13-47
25            android:windowSoftInputMode="adjustResize" >
25-->src\main\AndroidManifest.xml:20:13-55
26
27            <!--
28                 Specifies an Android theme to apply to this Activity as soon as
29                 the Android process has started. This theme is visible to the user
30                 while the Flutter UI initializes. After that, this theme continues
31                 to determine the Window background behind the Flutter UI.
32            -->
33            <meta-data
33-->src\main\AndroidManifest.xml:25:13-28:17
34                android:name="io.flutter.embedding.android.NormalTheme"
34-->src\main\AndroidManifest.xml:26:15-70
35                android:resource="@style/NormalTheme" />
35-->src\main\AndroidManifest.xml:27:15-52
36            <!--
37                 Displays an Android View that continues showing the launch screen
38                 Drawable until Flutter paints its first frame, then this splash
39                 screen fades out. A splash screen is useful to avoid any visual
40                 gap between the end of Android's launch screen and the painting of
41                 Flutter's first frame.
42            -->
43            <meta-data
43-->src\main\AndroidManifest.xml:34:13-37:17
44                android:name="io.flutter.embedding.android.SplashScreenDrawable"
44-->src\main\AndroidManifest.xml:35:15-79
45                android:resource="@drawable/launch_background" />
45-->src\main\AndroidManifest.xml:36:15-61
46
47            <intent-filter>
47-->src\main\AndroidManifest.xml:38:13-41:29
48                <action android:name="android.intent.action.MAIN" />
48-->src\main\AndroidManifest.xml:39:17-68
48-->src\main\AndroidManifest.xml:39:25-66
49
50                <category android:name="android.intent.category.LAUNCHER" />
50-->src\main\AndroidManifest.xml:40:17-76
50-->src\main\AndroidManifest.xml:40:27-74
51            </intent-filter>
52            <!-- Deep linking -->
53            <meta-data
53-->src\main\AndroidManifest.xml:43:13-90
54                android:name="flutter_deeplinking_enabled"
54-->src\main\AndroidManifest.xml:43:24-66
55                android:value="true" />
55-->src\main\AndroidManifest.xml:43:67-87
56
57            <intent-filter android:autoVerify="true" >
57-->src\main\AndroidManifest.xml:44:13-49:29
57-->src\main\AndroidManifest.xml:44:28-53
58                <action android:name="android.intent.action.VIEW" />
58-->src\main\AndroidManifest.xml:45:17-69
58-->src\main\AndroidManifest.xml:45:25-66
59
60                <category android:name="android.intent.category.DEFAULT" />
60-->src\main\AndroidManifest.xml:46:17-76
60-->src\main\AndroidManifest.xml:46:27-73
61                <category android:name="android.intent.category.BROWSABLE" />
61-->src\main\AndroidManifest.xml:47:17-78
61-->src\main\AndroidManifest.xml:47:27-75
62
63                <data
63-->src\main\AndroidManifest.xml:48:17-89
64                    android:host="koderunstudio.com"
64-->src\main\AndroidManifest.xml:48:54-86
65                    android:scheme="koderunstudio" />
65-->src\main\AndroidManifest.xml:48:23-53
66            </intent-filter>
67        </activity>
68
69        <!--
70             Don't delete the meta-data below.
71             This is used by the Flutter tool to generate GeneratedPluginRegistrant.java
72        -->
73        <meta-data
73-->src\main\AndroidManifest.xml:55:9-57:33
74            android:name="flutterEmbedding"
74-->src\main\AndroidManifest.xml:56:13-44
75            android:value="2" />
75-->src\main\AndroidManifest.xml:57:13-30
76
77        <activity
77-->[:url_launcher_android] AndroidManifest.xml:10:9-13:74
78            android:name="io.flutter.plugins.urllauncher.WebViewActivity"
78-->[:url_launcher_android] AndroidManifest.xml:11:13-74
79            android:exported="false"
79-->[:url_launcher_android] AndroidManifest.xml:12:13-37
80            android:theme="@android:style/Theme.NoTitleBar.Fullscreen" />
80-->[:url_launcher_android] AndroidManifest.xml:13:13-71
81
82        <uses-library
82-->[androidx.window:window:1.0.0-beta04] AndroidManifest.xml:25:9-27:40
83            android:name="androidx.window.extensions"
83-->[androidx.window:window:1.0.0-beta04] AndroidManifest.xml:26:13-54
84            android:required="false" />
84-->[androidx.window:window:1.0.0-beta04] AndroidManifest.xml:27:13-37
85        <uses-library
85-->[androidx.window:window:1.0.0-beta04] AndroidManifest.xml:28:9-30:40
86            android:name="androidx.window.sidecar"
86-->[androidx.window:window:1.0.0-beta04] AndroidManifest.xml:29:13-51
87            android:required="false" />
87-->[androidx.window:window:1.0.0-beta04] AndroidManifest.xml:30:13-37
88    </application>
89
90</manifest>